# JRE version: Java(TM) SE Runtime Environment (7.0_79-b15) (build 1.7.0_79-b15)
# Java VM: Java HotSpot(TM) 64-Bit Server VM (24.79-b02 mixed mode windows-amd64 compressed oops)
Heap
 PSYoungGen      total 144384K, used 26265K [0x00000000eaa80000, 0x00000000fdb80000, 0x0000000100000000)
  eden space 129024K, 12% used [0x00000000eaa80000,0x00000000eba2cbd0,0x00000000f2880000)
  from space 15360K, 66% used [0x00000000f2880000,0x00000000f3279c10,0x00000000f3780000)
  to   space 27136K, 0% used [0x00000000fc100000,0x00000000fc100000,0x00000000fdb80000)
 ParOldGen       total 88064K, used 44420K [0x00000000c0000000, 0x00000000c5600000, 0x00000000eaa80000)
  object space 88064K, 50% used [0x00000000c0000000,0x00000000c2b61278,0x00000000c5600000)
 PSPermGen       total 21504K, used 5981K [0x00000000bae00000, 0x00000000bc300000, 0x00000000c0000000)
  object space 21504K, 27% used [0x00000000bae00000,0x00000000bb3d75d0,0x00000000bc300000)
GC Heap History (10 events):
Event: 6.801 GC heap before
{Heap before GC invocations=4 (full 0):
 PSYoungGen      total 35328K, used 35301K [0x00000000eaa80000, 0x00000000eef80000, 0x0000000100000000)
  eden space 32768K, 100% used [0x00000000eaa80000,0x00000000eca80000,0x00000000eca80000)
  from space 2560K, 98% used [0x00000000eca80000,0x00000000eccf94a0,0x00000000ecd00000)
  to   space 2560K, 0% used [0x00000000eed00000,0x00000000eed00000,0x00000000eef80000)
 ParOldGen       total 41984K, used 10255K [0x00000000c0000000, 0x00000000c2900000, 0x00000000eaa80000)
  object space 41984K, 24% used [0x00000000c0000000,0x00000000c0a03da8,0x00000000c2900000)
 PSPermGen       total 21504K, used 5865K [0x00000000bae00000, 0x00000000bc300000, 0x00000000c0000000)
  object space 21504K, 27% used [0x00000000bae00000,0x00000000bb3ba620,0x00000000bc300000)
Event: 6.857 GC heap after
Heap after GC invocations=4 (full 0):
 PSYoungGen      total 68096K, used 2552K [0x00000000eaa80000, 0x00000000eef80000, 0x0000000100000000)
  eden space 65536K, 0% used [0x00000000eaa80000,0x00000000eaa80000,0x00000000eea80000)
  from space 2560K, 99% used [0x00000000eed00000,0x00000000eef7e028,0x00000000eef80000)
  to   space 2560K, 0% used [0x00000000eea80000,0x00000000eea80000,0x00000000eed00000)
 ParOldGen       total 41984K, used 15426K [0x00000000c0000000, 0x00000000c2900000, 0x00000000eaa80000)
  object space 41984K, 36% used [0x00000000c0000000,0x00000000c0f109a0,0x00000000c2900000)
 PSPermGen       total 21504K, used 5865K [0x00000000bae00000, 0x00000000bc300000, 0x00000000c0000000)
  object space 21504K, 27% used [0x00000000bae00000,0x00000000bb3ba620,0x00000000bc300000)
}
Event: 8.463 GC heap before
{Heap before GC invocations=5 (full 0):
 PSYoungGen      total 68096K, used 68088K [0x00000000eaa80000, 0x00000000eef80000, 0x0000000100000000)
  eden space 65536K, 100% used [0x00000000eaa80000,0x00000000eea80000,0x00000000eea80000)
  from space 2560K, 99% used [0x00000000eed00000,0x00000000eef7e028,0x00000000eef80000)
  to   space 2560K, 0% used [0x00000000eea80000,0x00000000eea80000,0x00000000eed00000)
 ParOldGen       total 41984K, used 15426K [0x00000000c0000000, 0x00000000c2900000, 0x00000000eaa80000)
  object space 41984K, 36% used [0x00000000c0000000,0x00000000c0f109a0,0x00000000c2900000)
 PSPermGen       total 21504K, used 5905K [0x00000000bae00000, 0x00000000bc300000, 0x00000000c0000000)
  object space 21504K, 27% used [0x00000000bae00000,0x00000000bb3c4738,0x00000000bc300000)
Event: 8.938 GC heap after
Heap after GC invocations=5 (full 0):
 PSYoungGen      total 68096K, used 2555K [0x00000000eaa80000, 0x00000000f4480000, 0x0000000100000000)
  eden space 65536K, 0% used [0x00000000eaa80000,0x00000000eaa80000,0x00000000eea80000)
  from space 2560K, 99% used [0x00000000eea80000,0x00000000eecfee90,0x00000000eed00000)
  to   space 13312K, 0% used [0x00000000f3780000,0x00000000f3780000,0x00000000f4480000)
 ParOldGen       total 41984K, used 25748K [0x00000000c0000000, 0x00000000c2900000, 0x00000000eaa80000)
  object space 41984K, 61% used [0x00000000c0000000,0x00000000c1925238,0x00000000c2900000)
 PSPermGen       total 21504K, used 5905K [0x00000000bae00000, 0x00000000bc300000, 0x00000000c0000000)
  object space 21504K, 27% used [0x00000000bae00000,0x00000000bb3c4738,0x00000000bc300000)
}
Event: 9.831 GC heap before
{Heap before GC invocations=6 (full 0):
 PSYoungGen      total 68096K, used 68091K [0x00000000eaa80000, 0x00000000f4480000, 0x0000000100000000)
  eden space 65536K, 100% used [0x00000000eaa80000,0x00000000eea80000,0x00000000eea80000)
  from space 2560K, 99% used [0x00000000eea80000,0x00000000eecfee90,0x00000000eed00000)
  to   space 13312K, 0% used [0x00000000f3780000,0x00000000f3780000,0x00000000f4480000)
 ParOldGen       total 41984K, used 25748K [0x00000000c0000000, 0x00000000c2900000, 0x00000000eaa80000)
  object space 41984K, 61% used [0x00000000c0000000,0x00000000c1925238,0x00000000c2900000)
 PSPermGen       total 21504K, used 5926K [0x00000000bae00000, 0x00000000bc300000, 0x00000000c0000000)
  object space 21504K, 27% used [0x00000000bae00000,0x00000000bb3c99a8,0x00000000bc300000)
Event: 9.987 GC heap after
Heap after GC invocations=6 (full 0):
 PSYoungGen      total 142336K, used 12750K [0x00000000eaa80000, 0x00000000f4880000, 0x0000000100000000)
  eden space 129024K, 0% used [0x00000000eaa80000,0x00000000eaa80000,0x00000000f2880000)
  from space 13312K, 95% used [0x00000000f3780000,0x00000000f43f39b0,0x00000000f4480000)
  to   space 15360K, 0% used [0x00000000f2880000,0x00000000f2880000,0x00000000f3780000)
 ParOldGen       total 41984K, used 25748K [0x00000000c0000000, 0x00000000c2900000, 0x00000000eaa80000)
  object space 41984K, 61% used [0x00000000c0000000,0x00000000c1925238,0x00000000c2900000)
 PSPermGen       total 21504K, used 5926K [0x00000000bae00000, 0x00000000bc300000, 0x00000000c0000000)
  object space 21504K, 27% used [0x00000000bae00000,0x00000000bb3c99a8,0x00000000bc300000)
}
Event: 11.828 GC heap before
{Heap before GC invocations=7 (full 0):
 PSYoungGen      total 142336K, used 141774K [0x00000000eaa80000, 0x00000000f4880000, 0x0000000100000000)
  eden space 129024K, 100% used [0x00000000eaa80000,0x00000000f2880000,0x00000000f2880000)
  from space 13312K, 95% used [0x00000000f3780000,0x00000000f43f39b0,0x00000000f4480000)
  to   space 15360K, 0% used [0x00000000f2880000,0x00000000f2880000,0x00000000f3780000)
 ParOldGen       total 41984K, used 25748K [0x00000000c0000000, 0x00000000c2900000, 0x00000000eaa80000)
  object space 41984K, 61% used [0x00000000c0000000,0x00000000c1925238,0x00000000c2900000)
 PSPermGen       total 21504K, used 5982K [0x00000000bae00000, 0x00000000bc300000, 0x00000000c0000000)
  object space 21504K, 27% used [0x00000000bae00000,0x00000000bb3d78f0,0x00000000bc300000)
Event: 12.264 GC heap after
Heap after GC invocations=7 (full 0):
 PSYoungGen      total 144384K, used 15356K [0x00000000eaa80000, 0x00000000fdb80000, 0x0000000100000000)
  eden space 129024K, 0% used [0x00000000eaa80000,0x00000000eaa80000,0x00000000f2880000)
  from space 15360K, 99% used [0x00000000f2880000,0x00000000f377f010,0x00000000f3780000)
  to   space 27136K, 0% used [0x00000000fc100000,0x00000000fc100000,0x00000000fdb80000)
 ParOldGen       total 44544K, used 44352K [0x00000000c0000000, 0x00000000c2b80000, 0x00000000eaa80000)
  object space 44544K, 99% used [0x00000000c0000000,0x00000000c2b50188,0x00000000c2b80000)
 PSPermGen       total 21504K, used 5982K [0x00000000bae00000, 0x00000000bc300000, 0x00000000c0000000)
  object space 21504K, 27% used [0x00000000bae00000,0x00000000bb3d78f0,0x00000000bc300000)
}
Event: 12.264 GC heap before
{Heap before GC invocations=8 (full 1):
 PSYoungGen      total 144384K, used 15356K [0x00000000eaa80000, 0x00000000fdb80000, 0x0000000100000000)
  eden space 129024K, 0% used [0x00000000eaa80000,0x00000000eaa80000,0x00000000f2880000)
  from space 15360K, 99% used [0x00000000f2880000,0x00000000f377f010,0x00000000f3780000)
  to   space 27136K, 0% used [0x00000000fc100000,0x00000000fc100000,0x00000000fdb80000)
 ParOldGen       total 44544K, used 44352K [0x00000000c0000000, 0x00000000c2b80000, 0x00000000eaa80000)
  object space 44544K, 99% used [0x00000000c0000000,0x00000000c2b50188,0x00000000c2b80000)
 PSPermGen       total 21504K, used 5982K [0x00000000bae00000, 0x00000000bc300000, 0x00000000c0000000)
  object space 21504K, 27% used [0x00000000bae00000,0x00000000bb3d78f0,0x00000000bc300000)
Event: 16.274 GC heap after
Heap after GC invocations=8 (full 1):
 PSYoungGen      total 144384K, used 10215K [0x00000000eaa80000, 0x00000000fdb80000, 0x0000000100000000)
  eden space 129024K, 0% used [0x00000000eaa80000,0x00000000eaa80000,0x00000000f2880000)
  from space 15360K, 66% used [0x00000000f2880000,0x00000000f3279c10,0x00000000f3780000)
  to   space 27136K, 0% used [0x00000000fc100000,0x00000000fc100000,0x00000000fdb80000)
 ParOldGen       total 88064K, used 44420K [0x00000000c0000000, 0x00000000c5600000, 0x00000000eaa80000)
  object space 88064K, 50% used [0x00000000c0000000,0x00000000c2b61278,0x00000000c5600000)
 PSPermGen       total 21504K, used 5976K [0x00000000bae00000, 0x00000000bc300000, 0x00000000c0000000)
  object space 21504K, 27% used [0x00000000bae00000,0x00000000bb3d61b0,0x00000000bc300000)
}

